Terminal log file
Date: 2018-11-06 - 21:03:17
-----------------------------------------------
21:03:18.707, F4 8B 0A 58 01 00 00 9D 90 5A 01 00 6F 1C FF 8B F0 56 01 B9 90 5A 01 00 6F 1C FF 8B 0A 58 01 00 00 9D 90 5A 01 00 6F 1C FF 8B F0 56 01 B9 90 5A 01 00 6F 1C FF 8B 0A 58 01 00 00 9D 90 5A 01 00 slij
21:03:20.128, F4 92 01 00 00 00 80 20 00 00 04 3C 2F 00 00 C0 40 00 40 00 FF FF 00 FF 02 94 8B 6F 28 02 F4 20 00 75 F5 02 01 00 00 00 80 80 80 80 00 00 00 00 00 00 00 7F 2A 00 00 00 00 02 00 00 00 00 00 8E slij
21:03:21.659, F4 92 01 00 00 00 80 20 00 00 04 3C 2F 00 00 C0 40 00 40 00 FF FF 00 FF 02 94 8B 6F 28 02 F4 20 00 75 F5 02 01 00 00 00 80 80 80 80 00 00 00 00 00 00 00 7F 2A 00 00 00 00 02 00 00 00 00 00 8E slij
21:03:23.297, slij
21:03:24.822, slij
21:03:26.353, F4 92 01 00 00 00 80 20 00 00 04 3C 2F 00 00 C0 40 00 40 00 FF FF 00 FF 02 94 8B 6F 28 02 F4 20 00 75 F5 02 00 8C slij
21:03:27.769, F4 92 01 00 00 00 80 20 00 00 04 3C 2F 00 00 C0 40 00 40 00 FF FF 00 FF 02 94 8B 6F 28 02 F4 20 00 75 F5 02 01 00 00 00 80 80 80 80 00 00 00 00 00 00 00 7F 2A 00 00 00 00 02 00 00 00 00 00 8E slij
21:03:29.191, F4 92 01 00 00 00 80 20 00 00 04 3C 2F 00 00 C0 40 00 40 00 FF FF 00 FF 02 94 8B 6F 28 02 F4 20 00 75 F5 02 02 00 00 00 80 80 80 80 00 00 00 00 00 00 00 7F 2A 00 00 00 00 02 00 00 00 00 00 8C slij
21:03:30.828, slij
21:03:32.249, F4 92 01 00 00 00 80 20 00 00 04 3C 2F 00 00 C0 40 00 40 00 FF FF 00 FF 02 94 8B 6F 28 02 F4 20 00 75 F5 02 01 00 00 00 80 80 80 80 00 00 00 00 00 00 00 7F 2A 00 00 00 00 02 00 00 00 00 00 8E slij
21:03:33.665, F4 92 01 00 00 00 80 20 00 00 04 3C 2F 00 00 C0 40 00 40 00 FF FF 00 FF 02 94 8B 6F 28 02 F4 20 00 75 F5 02 01 00 00 00 80 80 80 80 00 00 00 00 00 00 00 7F 2A 00 00 00 00 02 00 00 00 00 00 8E slij
21:03:35.197, F4 92 01 00 00 00 80 20 00 00 04 3C 2F 00 00 C0 40 00 40 00 FF FF 00 FF 02 94 8B 6F 28 02 02 00 00 00 00 00 8C slij
21:03:36.614, F4 92 01 00 00 00 80 20 00 00 04 3C 2F 00 00 C0 40 00 40 00 FF FF 00 FF 02 94 8B 6F 28 02 F4 20 00 75 F5 02 01 00 00 00 80 80 80 80 00 00 00 00 00 00 00 7F 2A 00 00 00 00 02 00 00 00 00 00 8E slij
21:03:38.473, F4 8B 0A 58 01 00 00 9D 90 5A 01 00 6F 1C FF 8B F0 56 01 B9 90 5A 01 00 6F 1C FF 8B 0A 58 01 00 00 9D 90 5A 01 00 6F 1C FF 8B F0 56 01 B9 90 5A 01 00 6F 1C FF 8B 0A 58 01 00 00 9D 90 5A 01 00 slij
21:03:40.002, F4 92 01 00 00 00 80 20 00 00 04 3C 2F 00 00 C0 40 00 40 00 FF FF 00 FF 02 94 8B 6F 28 02 F4 20 00 75 F5 02 01 00 00 00 80 80 80 80 00 00 00 00 00 00 00 7F 2A 00 00 00 00 02 00 00 00 00 00 8E slij
21:03:41.424, F4 92 01 00 00 00 80 20 00 00 04 3C 2F 00 00 C0 40 00 40 00 FF FF 00 FF 02 94 8B 6F 28 02 F4 20 00 75 F5 02 01 00 00 00 80 80 80 80 00 00 00 00 00 00 00 7F 2A 00 00 00 00 02 00 00 00 00 00 8E slij
21:03:43.063, slij
21:03:44.591, slij
21:03:46.115, F4 92 01 00 00 00 80 20 00 00 04 3C 2F 00 00 C0 40 00 40 00 FF FF 00 FF 02 94 8B 6F 20 00 00 02 00 00 00 00 00 8C slij
21:03:47.537, F4 92 01 00 00 00 80 20 00 00 04 3C 2F 00 00 C0 40 00 40 00 FF FF 00 FF 02 94 8B 6F 28 02 F4 20 00 75 F5 02 02 00 00 00 80 80 80 80 00 00 00 00 00 00 00 7F 2A 00 00 00 00 02 00 00 00 00 00 8C slij
21:03:49.063, F4 92 01 00 00 00 80 20 00 00 04 3C 2F 00 00 C0 40 00 40 00 FF FF 00 FF 02 94 8B 6F 28 02 F4 20 00 75 F5 02 02 00 00 00 slij
21:03:50.591, slij
21:03:52.012, F4 92 01 00 00 00 80 20 00 00 04 3C 2F 00 00 C0 40 00 40 00 FF FF 00 FF 02 94 8B 6F 28 02 F4 20 00 75 F5 02 01 00 00 00 80 80 80 80 00 00 00 00 00 00 00 7F 2A 00 00 00 00 02 00 00 00 00 00 8E slij
21:03:53.543, F4 92 01 00 00 00 80 20 00 00 04 3C 2F 00 00 C0 40 00 40 00 FF FF 00 FF 02 94 8B 6F 28 02 F4 20 00 75 F5 02 01 00 00 00 80 80 80 80 00 00 00 00 00 00 00 7F 2A 00 00 00 00 02 00 00 00 00 00 8E slij
21:03:54.965, F4 92 01 00 00 00 80 20 00 00 04 3C 2F 00 00 C0 40 00 40 00 FF FF 00 FF 0F 2A 00 6F 28 00 00 00 02 00 00 00 00 00 8E slij
21:03:56.380, F4 92 01 00 00 00 80 20 00 00 04 3C 2F 00 00 C0 40 00 40 00 FF FF 00 FF 02 94 8B 6F 28 02 F4 20 00 75 F5 02 01 00 00 00 80 80 80 80 00 00 00 00 00 00 00 7F 2A 00 00 00 00 02 00 00 00 00 00 8E slij

-----------------------------------------------
Date: 2018-11-06 - 21:03:57
End log file
