Terminal log file
Date: 2018-11-02 - 21:49:22
-----------------------------------------------
F4 56 08 AE 
F4 56 08 AE 
F4 56 08 AE 
F4 56 08 AE 
F4 57 01 00 B4 
F4 92 01 
00 00 00 80 20 00 00 04 3C 2F 00 00 C0 40 00     suma d06
40 00 FF FF 00 FF 02 4F 1F 4F 28 02 F6 20 00 
76 F7 02 02 00 00 00 80 80 80 80 00 00 00 00   ok
00 00 00 97 2A 00 00 00 00 02 00 00 00 00 00 
FA 

F4 57 01 00 B4 
F4 92 01 
00 00 00 80 20 00 00 04 3C 2F 00 00 C0 40 00 
40 00 FF 00 76 F7 02 01 00 00 00 80 80 80 80 
00 00 00 00 00 00 00 97 2A 00 00 00 00 02 00   dupa
00 00 00 00 FC 00 00 00 00 00 FC 4F 28 02 F5 
20 

F4 56 08 AE 
F4 56 08 AE 
F4 57 01 00 B4 
F4 92 01 
00 00 00 80 20 00 00 04 3C 2F 00 00 C0 40 00 
40 00 FF FF 00 FF 02 4F 1F 4F 28 03 F6 20 00    ok
76 F7 02 01 00 00 00 80 80 80 80 00 00 00 00 
00 00 00 97 2A 00 00 00 00 02 00 00 00 00 00 
FA 

F4 56 08 AE 
F4 56 08 AE 
F4 57 01 00 B4 
F4 92 01 
00 00 00 80 20 00 00 04 3C 2F 00 00 C0 40 00 
40 00 FF FF 00 FF 02 4F 1F 4F 28 02 F5 20 00   ok
76 F7 02 01 00 00 00 80 80 80 80 00 00 00 00 
00 00 00 97 2A 00 00 00 00 02 00 00 00 00 00 
FC 

F4 56 08 AE 
F4 56 08 AE 
F4 57 01 00 B4 

F4 92 01 
00 00 00 80 20 00 00 04 3C 2F 00 00 C0 40 00 
40 00 FF 00 00 00 00 00 00 97 2A 00 00 00 00 
03 00 00 00 00 00 FA FF 00 FF 02 4F 1F 4F 28 
02 F6 20 00 76 F7 02 01 00 00 00 80 80 80 80 
00 

F4 56 08 AE 
F4 56 08 AE 
F4 57 01 00 B4 
F4 92 01 
00 00 00 80 20 00 00 04 3C 2F 00 00 C0 40 00 
40 00 FF FF 00 FF 02 4F 1F 4F 28 02 F6 20 00 
76 F7 02 01 00 00 00 80 80 80 80 00 00 00 00 
00 00 00 97 2A 00 00 00 00 02 00 00 00 00 00    ok
FB 


F4 92 01 
00 00 00 80 20 00 00 04 3C 2F 00 00 C0 40 00 
40 00 FF FF 00 FF 02 4F 1F 4F 28 02 F6 20 00 	ok
76 F7 02 01 00 00 00 80 80 80 80 00 00 00 00 
00 00 00 97 2A 00 00 00 00 02 00 00 00 00 00 
FB 

F4 56 08 AE 
F4 56 08 AE 44 46 
F4 56 08 AE 
F4 56 08 AE 
0A 58 A0 00 00 FE 90 5A 02 00 4F 1C FF 
AA F0 56 
F4 C6 90 5A 02 00 4F 1C FF AA 0A 58 A0 00 00 FE 90 5A 02 00 4F 1C FF AA F0 56 
F4 C6 90 5A 02 00 4F 1C FF AA 0A 58 A0 00 00 FE 90 5A 02 00 4F 1C FF AA F0 56 
F4 C6 90 5A 02 00 4F 1C FF AA 0A 58 A0 00 00 FE 90 5A 02 00 4F 1C FF AA F0 56 
F4 C6 90 5A 02 00 4F 1C FF AA 0A 58 A0 00 00 FE 90 5A 02 00 4F 1C FF AA F0 56 
F4 C6 90 5A 02 00 4F 1C FF AA 0A 58 A0 00 00 FE 90 5A 02 00 4F 1C FF AA F0 56 
F4 C6 90 5A 02 00 4F 1C FF AA 0A 58 A0 00 00 FE 90 5A 02 00 4F 1C FF AA F0 56 
F4 C6 90 5A 02 00 4F 1C FF AA 0A 58 A0 00 00 FE 90 5A 02 00 4F 1C FF AA F0 56 
F4 C6 90 5A 02 00 4F 1C FF AA 0A 58 A0 00 00 FE 90 5A 02 00 4F 1C FF AA F0 56 
F4 C6 90 5A 02 00 4F 1C FF AA 72 FF 0A 58 A0 00 00 FE 90 5A 02 00 4F 1C FF AA F0 56 
F4 C6 90 5A 02 00 4F 1C FF AA 0A 58 A0 00 00 FE 90 5A 02 00 4F 1C FF AA F0 56 
F4 C6 90 5A 02 00 4F 1C FF AA 0A 58 A0 00 00 FE 90 5A 02 00 4F 1C FF AA F0 56 
F4 C6 90 5A 02 00 4F 1C FF AA 0A 58 A0 00 00 FE 90 5A 02 00 4F 1C FF AA F0 56 
F4 C6 90 5A 02 00 4F 1C FF AA 0A 58 A0 00 00 FE 90 5A 02 00 4F 1C FF AA F0 56 
F4 C6 90 5A 02 00 4F 1C FF AA 0A 58 A0 00 00 FE 
F4 56 08 AE 
F4 56 08 AE 
F4 57 01 00 B4 

-----------------------------------------------
Date: 2018-11-02 - 21:49:58
End log file
