Terminal log file
Date: 2018-11-02 - 21:53:38
-----------------------------------------------
0A 58 A0 00 00 FE 90 5A 02 00 4F 1C FF AA F0 56 
F4 C6 90 5A 02 00 4F 1C FF AA 0A 58 A0 00 00 FE 
90 5A 02 00 4F 1C FF AA F0 56 F4 C6 90 5A 02 00 
4F 1C FF AA 0A 58 A0 00 00 FE 90 5A 02 00 4F 1C 
FF AA F0 56 F4 C6 90 5A 02 00 4F 1C FF AA 0A 58 
A0 00 00 FE 90 5A 02 00 4F 1C FF AA F0 56 F4 C6 
90 5A 02 00 4F 1C FF AA 0A 58 A0 00 00 FE 90 5A 
02 00 4F 1C FF AA F0 56 F4 C6 90 5A 02 00 4F 1C 
FF AA 0A 58 A0 00 00 FE 90 5A 02 00 4F 1C FF AA 
F0 56 F4 C6 90 5A 02 00 4F 1C FF AA 0A 58 A0 00 
00 FE 90 5A 02 00 4F 1C FF AA F0 56 F4 C6 90 5A 
02 00 4F 1C FF AA 0A 58 A0 00 00 FE 90 5A 02 00 
4F 1C FF AA F0 56 F4 C6 90 5A 02 00 4F 1C FF AA 
0A 58 A0 00 00 FE 90 5A 02 00 4F 1C FF AA F0 56 
F4 C6 90 5A 02 00 4F 1C FF AA 0A 58 A0 00 00 FE 
90 5A 02 00 4F 1C FF AA F0 56 F4 C6 90 5A 02 00 
4F 1C FF AA 0A 58 A0 00 00 FE 90 5A 02 00 4F 1C 
FF AA F0 56 F4 C6 90 5A 02 00 4F 1C FF AA 0A 58 
A0 00 00 FE 90 5A 02 00 4F 1C FF AA F0 56 F4 C6 
90 5A 02 00 4F 1C FF AA 0A 58 A0 00 00 FE 90 5A 
02 00 4F 1C FF AA F0 56 F4 C6 90 5A 02 00 4F 1C 
FF AA 0A 58 A0 00 00 FE 90 5A 02 00 4F 1C FF AA 
F0 56 F4 C6 90 5A 02 00 4F 1C FF AA 0A 58 A0 00 
00 FE 90 5A 02 00 4F 1C FF AA F0 56 F4 C6 90 5A 
02 00 4F 1C FF AA F4 56 08 AE F4 56 08 AE F4 56 
08 AE F4 56 08 AE 
-----------------------------------------------
Date: 2018-11-02 - 21:53:44
End log file
