Terminal log file
Date: 2018-11-02 - 21:46:03
-----------------------------------------------
>F4 56 08 AE
<F4 56 08 AE
>F4 57 01 00 B4 

 1  2  3  4 5  6  7  8  9  10 11 12 13 14 15

F4 92 01 
00 00 00 80 20 00 00 04 3C 2F 00 00 C0 40 00
40 00 F7 02 01 00 00 00 80 80 80 80 00 00 00 
00 00 00 00 97 2A 00 00 00 00 02 00 00 00 00
00 FB 00 00 00 00 FB 4F 1F 4F 28 02 F6 20 00 
76 

>F4 56 08 AE 
<F4 56 08 AE 
>F4 57 01 00 B4 

F4 92 01 
00 00 00 80 20 00 00 04 3C 2F 00 FF 02 4F 1F
4F 28 02 F6 20 00 76 F7 02 01 00 00 00 80 80 
80 80 00 00 00 00 00 00 00 97 2A 00 00 00 00 
02 00 00 00 00 00 FB 80 80 00 00 00 00 00 00 
00 

>F4 56 08 AE 
<F4 56 08 AE 
>F4 57 01 00 B4
 
F4 92 01 
00 00 00 80 20 00 00 04 3C 2F 00 00 C0 40 00
40 00 FF FF 00 FF 02 4F 1F 4F 28 02 F6 20 00 
76 F7 02 01 00 00 00 80 80 80 80 00 00 00 00 
00 00 00 97 2A 00 00 00 00 03 00 00 00 00 00 
FA 

>F4 56 08 AE
>F4 56 08 AE 

-----------------------------------------------
Date: 2018-11-02 - 21:46:15
End log file
