Terminal log file
Date: 2018-11-13 - 22:20:57
-----------------------------------------------
22:20:58.445, mode 2: F4 8B 01 00 00 00 00 00 00 00 00 00 00 00 00 00 00 00 80 20 00 00 04 00 00 00 00 FF 08 1E 2F 40 78 00 0D 00 1A 00 00 00 00 00 00 00 00 00 00 00 00 00 00 00 00 00 00 00 A9  o 00 mode 1: F4 84 01 00 04 00 00 00 20 00 28 DF 00 0A 2F 30 75 40 8A 00 00 00 00 00 28 FA 00 00 46 1B 00 00 00 00 7A 5E 00 00 7C 2F 0C C6 C0 02 00 01 06 60 00 B3  ok 
22:20:59.428, mode 2: F4 8B 01 00 00 00 00 00 00 00 00 00 00 00 00 00 00 00 80 20 00 00 04 00 00 00 00 FF 09 41 2F 40 70 00 0D 00 1A 00 00 00 00 00 00 00 00 00 00 00 00 00 00 00 00 00 00 00 8D  ok 
22:21:00.846, mode 1: F4 84 01 00 04 00 00 00 20 00 25 14 00 0A 2F 2E 74 40 8A 00 00 00 00 00 25 04 00 00 46 1B 00 00 00 00 7B 5E 00 00 7C 2F 0C C6 C0 02 00 01 06 60 00 7C  ok 
22:21:02.814, mode 1: F4 84 01 00 04 00 00 00 20 00 22 CF 00 0A 2F 2E 74 40 8A 00 00 00 00 00 22 C9 00 00 46 1B 00 00 00 00 7C 5E 00 00 7C 2F 0C C6 C0 02 00 01 06 60 00 01  ok 
22:21:03.793, mode 2: F4 8B 01 00 00 00 00 00 00 00 00 00 00 00 00 00 00 00 80 20 00 00 04 00 00 00 00 FF 0B 62 2F 40 70 00 0D 00 1A 00 00 00 00 00 00 00 00 00 00 00 00 00 00 00 00 00 00 00 6A  ok 
22:21:05.213, mode 1: F4 84 01 00 04 00 00 00 20 00 20 04 00 0A 2F 2F 74 40 8A 00 00 00 00 00 1F EB 00 00 46 1B 00 00 00 00 7D 5E 00 00 7C 2F 0C C6 C0 02 00 01 06 60 00 AD  ok 
22:21:07.285, mode 1: F4 84 01 00 04 00 00 00 20 00 1C FB 00 0A 2F 2F 73 40 8B 00 00 00 00 00 1C FC 00 00 46 1B 00 00 00 00 7D 5E 00 00 7C 2F 0C C6 C0 02 00 01 06 60 00 AC  ok 
22:21:08.162, mode 2: F4 8B 01 00 00 00 00 00 00 00 00 00 00 00 00 00 00 00 80 20 00 00 04 00 00 00 00 FF 0C 2C 2F 40 70 00 0D 00 1A 00 00 00 00 00 00 00 00 00 00 00 00 00 00 00 00 00 00 00 9F  ok 
22:21:09.692, mode 1: F4 84 01 00 04 00 00 00 20 00 1C FE 00 0A 2F 2F 73 40 8B 00 00 00 00 00 1C E2 00 00 46 1B 00 00 00 00 7D 5E 00 00 7C 2F 0C C6 C0 02 00 01 06 60 00 C3  ok 
22:21:11.656, mode 1: F4 84 01 00 04 00 00 00 20 00 1A AD 00 0A 2F 2F 73 40 8C 00 00 00 00 00 1A 80 00 00 46 1B 00 00 00 00 7E 5F 00 00 7C 2F 0C C6 C0 02 00 01 06 60 00 77  ok 
22:21:12.534, mode 2: F4 8B 01 00 00 00 00 00 00 00 00 00 00 00 00 00 00 00 80 20 00 00 04 00 00 00 00 FF 0D 50 2F 40 70 00 0D 00 1A 00 00 00 00 00 00 00 00 00 00 00 00 00 00 00 00 00 00 00 7A  ok 
22:21:14.062, mode 1: F4 84 01 00 04 00 00 00 20 00 1B 5A 00 0A 2F 2F 73 40 8B 00 00 00 00 00 1B 8E 00 00 46 1B 00 00 00 00 7E 5F 00 00 7C 2F 0C C6 C0 02 00 01 06 60 00 BB  ok 
22:21:16.023, mode 1: F4 84 01 00 04 00 00 00 20 00 13 FB 00 0A 2F 2F 74 20 8A 00 00 00 00 00 14 16 00 00 46 1B 00 00 00 00 7F 5F 00 00 7C 27 0C C6 C0 02 00 01 06 60 00 C8  ok 
22:21:17.010, mode 2: F4 8B 01 00 00 00 00 00 00 00 00 00 00 00 00 00 00 00 80 20 00 00 04 00 00 00 00 FF 0E EC 27 20 70 00 0D 00 1A 00 00 00 00 00 00 00 00 00 00 00 00 00 00 00 00 00 00 00 05  ok 
22:21:18.424, mode 1: F4 84 01 00 04 00 00 00 20 00 16 68 00 0A 2F 2F 74 20 8B 00 00 00 00 00 16 59 00 00 46 1B 00 00 00 00 7F 5F 00 00 7C 27 0C C6 C0 02 00 01 06 60 00 12  ok 
22:21:20.393, mode 1: F4 84 01 00 04 00 00 00 20 00 18 05 00 0A 2F 2F 74 20 89 00 00 00 00 00 18 00 00 00 46 1B 00 00 00 00 80 5F 00 00 7C 27 0C C6 C0 02 00 01 06 60 00 CB  ok 
22:21:21.379, mode 2: F4 8B 01 00 00 00 00 00 00 00 00 00 00 00 00 00 00 00 80 20 00 00 04 00 00 00 00 FF 0E DD 27 20 70 00 0D 00 1A 00 00 00 00 00 00 00 00 00 00 00 00 00 00 00 00 00 00 00 14  ok 
22:21:22.795, mode 1: F4 84 01 00 04 00 00 00 20 00 18 54 00 0A 2F 2E 74 20 8A 00 00 00 00 00 18 5A 00 00 46 1B 00 00 00 00 80 5F 00 00 7C 27 0C C6 C0 02 00 01 06 60 00 22  ok 
22:21:24.870, mode 1: F4 84 01 00 04 00 00 00 20 00 18 7E 00 0A 2F 2E 74 20 8A 00 00 00 00 00 18 91 00 00 46 1B 00 00 00 00 80 5F 00 00 7C 27 0C C6 C0 02 00 01 06 60 00 C1  ok 
22:21:25.742, mode 2: F4 8B 01 00 00 00 00 00 00 00 00 00 00 00 00 00 00 00 80 20 00 00 04 00 00 00 00 FF 0D CF 27 20 70 00 0D 00 1A 00 00 00 00 00 00 00 00 00 00 00 00 00 00 00 00 00 00 00 23  ok 
22:21:27.274, mode 1: F4 84 01 00 04 00 00 00 20 00 19 4D 00 0A 2F 2F 74 20 8B 00 00 00 00 00 19 58 00 00 46 1B 00 00 00 00 81 5F 00 00 7C 27 0C C6 C0 02 00 01 06 60 00 26  ok 
22:21:29.239, mode 1: F4 84 01 00 04 00 00 00 20 00 20 B0 00 0A 2F 00 C2 88 07 00 00 00 00 00 21 09 00 00 46 1B 00 00 00 00 81 60 00 00 BC 80 0C C6 C0 06 00 01 0E 73 00 47  ok 
22:21:30.220, mode 2: F4 8B 01 00 00 00 00 00 00 00 00 00 00 00 00 00 00 00 80 20 00 00 04 00 00 00 00 FF FF FF 80 88 70 00 7F 00 7A 00 00 00 00 00 00 00 00 00 00 00 00 00 00 00 00 00 00 00 6E  ok 

-----------------------------------------------
Date: 2018-11-13 - 22:21:30
End log file
