Terminal log file
Date: 2018-11-07 - 18:03:26
-----------------------------------------------
  		                1  2  3  4  5  6  7  8  9 10 11 12 13 14 15 16 17 18 19 20 21 22 23 24 25 26 27 28 29 30 31 32 33 34 35 36 37 38 39 40 41 42 43 44 45 46 47 48 49 50 51 52 53 54 55 56 57 58 59 60
18:03:26.996, mode 0: F4 92 01 00 00 00 80 20 00 00 04 3C 2F 00 00 C0 40 00 40 00 FF FF 00 00 80 20 00 00 04 3C 2F 00 00 78 F5 01 01 00 00 00 80 80 80 80 00 00 00 00 00 00 00 98 2C 00 00 00 00 02 00 00 00 00 00 F8  ok 
18:03:28.743, mode 0: F4 92 01 00 00 00 80 20 00 00 04 3C 2F 00 00 C0 40 00 40 00 FF FF 00 FF 02 50 20 50 28 02 F4 20 00 78 F5 02 02 00 00 00 80 80 80 80 00 00 00 00 00 00 00 98 2C 00 00 00 00 02 00 00 00 00 00 F6  ok 
18:03:30.601, mode 0: F4 92 01 00 00 00 80 20 00 00 04 3C 2F 00 00 C0 40 00 40 00 FF FF 00 FF 02 50 20 50 28 02 F4 20 00 78 F5 02 01 00 00 00 80 80 80 80 00 00 00 00 00 00 00 98 2C 00 00 00 00 02 00 00 00 00 00 F7  ok 
18:03:32.348, mode 0: F4 92 01 00 00 00 80 20 00 00 04 3C 2F 00 00 C0 40 00 40 00 FF FF 00 FF 02 50 20 50 28 02 F4 20 00 78 F5 02 02 00 00 00 80 80 80 80 00 00 00 00 00 00 00 98 2C 00 00 00 00 02 00 00 00 00 00 F6  ok 
18:03:34.095, mode 0: F4 92 01 00 00 00 80 20 00 00 04 3C 2F 00 00 C0 40 00 40 00 FF FF 00 FF 02 50 20 50 28 02 F4 20 00 78 F5 01 01 00 00 00 80 80 80 80 00 00 00 00 00 00 00 98 2C 00 00 00 00 02 00 00 00 00 00 F8  ok 
18:03:35.950, mode 0: F4 92 01 00 00 00 80 20 00 00 04 7C 2F 00 00 C0 40 00 40 00 FF FF 00 FF 02 50 20 50 28 02 F4 20 00 75 F5 02 01 00 00 00 80 80 80 80 00 00 00 00 00 00 00 98 2C 00 00 00 00 02 00 00 00 00 00 BA  ok 
18:03:37.700, mode 0: F4 92 01 00 00 00 80 20 00 00 04 7C 2F 00 00 C0 40 00 40 00 FF FF 00 FF 02 50 20 50 28 02 F4 20 00 75 F5 02 01 00 00 00 80 80 80 80 00 00 00 00 00 00 00 98 2C 00 00 00 00 02 00 00 00 00 00 BA  ok 
18:03:39.444, mode 0: F4 92 01 00 00 00 80 20 00 00 04 3C 2F 00 00 C0 40 00 40 00 FF FF 00 FF 02 50 20 50 28 02 F4 20 00 77 F5 02 01 00 00 00 80 80 80 80 00 00 00 00 00 00 00 98 2C 00 00 00 00 02 00 00 00 00 00 F8  ok 
18:03:41.301, mode 0: F4 92 01 00 00 00 80 20 00 00 04 7C 2F 00 00 C0 40 00 40 00 FF FF 00 FF 02 50 20 50 28 02 F4 20 00 77 F5 02 01 00 00 00 80 80 80 80 00 00 00 00 00 00 00 98 2C 00 00 00 00 02 00 00 00 00 00 B8  ok 
18:03:43.045, mode 0: F4 92 01 00 00 00 80 20 00 00 04 7C 2F 00 00 C0 40 00 40 00 FF FF 00 FF 02 50 20 50 28 02 F4 20 00 77 F5 02 01 00 00 00 80 80 80 80 00 00 00 00 00 00 00 98 2C 00 00 00 00 02 00 00 00 00 00 B8  ok 
18:03:44.793, mode 0: F4 92 01 00 00 00 80 20 00 00 04 7C 2F 00 00 C0 40 00 40 00 FF FF 00 FF 02 50 20 50 28 02 F4 20 00 77 F5 02 01 00 00 00 80 80 80 80 00 00 00 00 00 00 00 98 2C 00 00 00 00 02 00 00 00 00 00 B8  ok 
18:03:46.649, mode 0: F4 92 01 00 00 00 80 20 00 00 04 7C 2F 00 00 C0 40 00 40 00 FF FF 00 FF 02 50 20 50 28 02 F4 20 00 77 F5 02 01 00 00 00 80 80 80 80 00 00 00 00 00 00 00 98 2C 00 00 00 00 02 00 00 00 00 00 B8  ok 
18:03:48.401, mode 0: F4 92 01 00 00 00 80 20 00 00 04 7C 2F 00 00 C0 40 00 40 00 FF FF 00 FF 02 50 20 50 28 02 F4 20 00 77 F5 02 01 00 00 00 80 80 80 80 00 00 00 00 00 00 00 98 2C 00 00 00 00 02 00 00 00 00 00 B8  ok 
18:03:50.147, mode 0: F4 92 01 00 00 00 80 20 00 00 04 7C 2F 00 00 C0 40 00 40 00 FF FF 00 FF 02 50 20 50 28 02 F4 20 00 77 F5 02 01 00 00 00 80 80 80 80 00 00 00 00 00 00 00 98 2C 00 00 00 00 02 00 00 00 00 00 B8  ok 
18:03:51.999, mode 0: F4 92 01 00 00 00 80 20 00 00 04 7C 2F 00 00 C0 40 00 40 00 FF FF 00 FF 02 50 20 50 28 02 F4 20 00 75 F5 02 01 00 00 00 80 80 80 80 00 00 00 00 00 00 00 98 2C 00 00 00 00 02 00 00 00 00 00 BA  ok 
18:03:53.750, mode 0: F4 92 01 00 00 00 80 20 00 00 04 3C 2F 00 00 C0 40 00 40 00 FF FF 00 FF 02 50 20 50 28 02 F4 20 00 77 F5 02 01 00 00 00 80 80 80 80 00 00 00 00 00 00 00 98 2C 00 00 00 00 02 00 00 00 00 00 F8  ok 
18:03:55.605, mode 0: F4 92 01 00 00 00 80 20 00 00 04 3C 2F 00 00 C0 40 00 40 00 FF FF 00 FF 02 50 20 50 28 02 F4 20 00 77 F5 02 01 00 00 00 80 80 80 80 00 00 00 00 00 00 00 98 2C 00 00 00 00 02 00 00 00 00 00 F8  ok 
18:03:57.352, mode 0: F4 92 01 00 00 00 80 20 00 00 04 7C 2F 00 00 C0 40 00 40 00 FF FF 00 FF 02 50 20 50 28 02 F4 20 00 75 F5 02 01 00 00 00 80 80 80 80 00 00 00 00 00 00 00 98 2C 00 00 00 00 02 00 00 00 00 00 BA  ok 
18:03:59.101, mode 0: F4 92 01 00 00 00 80 20 00 00 04 7C 2F 00 00 C0 40 00 40 00 FF FF 00 FF 02 50 20 50 28 02 F4 20 00 75 F5 02 01 00 00 00 80 80 80 80 00 00 00 00 00 00 00 98 2C 00 00 00 00 02 00 00 00 00 00 BA  ok 
18:04:00.957, mode 0: F4 92 01 00 00 00 80 20 00 00 04 7C 2F 00 00 C0 40 00 40 00 FF FF 00 FF 02 50 20 50 28 02 F4 20 00 77 F5 02 01 00 00 00 80 80 80 80 00 00 00 00 00 00 00 98 2C 00 00 00 00 02 00 00 00 00 00 B8  ok 
18:04:02.705, mode 0: F4 92 01 00 00 00 80 20 00 00 04 7C 2F 00 00 C0 40 00 40 00 FF FF 00 FF 02 50 20 50 28 02 F4 20 00 77 F5 02 01 00 00 00 80 80 80 80 00 00 00 00 00 00 00 98 2C 00 00 00 00 02 00 00 00 00 00 B8  ok 
18:04:04.453, mode 0: F4 92 01 00 00 00 80 20 00 00 04 7C 2F 00 00 C0 40 00 40 00 FF FF 00 FF 02 50 20 50 28 02 F4 20 00 77 F5 02 01 00 00 00 80 80 80 80 00 00 00 00 00 00 00 98 2C 00 00 00 00 02 00 00 00 00 00 B8  ok 
18:04:06.305, mode 0: F4 92 01 00 00 00 80 20 00 00 04 7C 2F 00 00 C0 40 00 40 00 FF FF 00 FF 02 50 20 50 28 02 F4 20 00 77 F5 02 01 00 00 00 80 80 80 80 00 00 00 00 00 00 00 98 2C 00 00 00 00 02 00 00 00 00 00 B8  ok 
18:04:08.053, mode 0: F4 92 01 00 00 00 80 20 00 00 04 7C 2F 00 00 C0 40 00 40 00 FF FF 00 FF 02 50 20 50 28 02 F4 20 00 77 F5 01 01 00 00 00 80 80 80 80 00 00 00 00 00 00 00 98 2C 00 00 00 00 02 00 00 00 00 00 B9  ok 
18:04:09.802, mode 0: F4 92 01 00 00 00 80 20 00 00 04 3C 2F 00 00 C0 40 00 40 00 FF FF 00 FF 02 50 20 50 28 02 F4 20 00 77 F5 02 01 00 00 00 80 80 80 80 00 00 00 00 00 00 00 98 2C 00 00 00 00 02 00 00 00 00 00 F8  ok 
18:04:11.656, mode 0: F4 92 01 00 00 00 80 20 00 00 04 3C 2F 00 00 C0 40 00 40 00 FF FF 00 FF 02 50 20 50 28 02 F4 20 00 77 F5 02 01 00 00 00 80 80 80 80 00 00 00 00 00 00 00 98 2C 00 00 00 00 02 00 00 00 00 00 F8  ok 


-----------------------------------------------
Date: 2018-11-07 - 18:04:12
End log file
