Terminal log file
Date: 2018-11-07 - 18:03:26
-----------------------------------------------
18:03:26.996, mode 0: F4 92 01 00 00 00 80 20 00 00 04 3C 2F 00 00 C0 40 00 40 00 FF FF00 00 80 20 00 00 04 3C 2F 00 00 C0 40 00 40 00 FF FF 00 FF 02 50 20 50 28 02 F4 20 00 78 F5 01 01 00 00 00 80 80 80 80 00 00 00 00 00 00 00 98 2C 00 00 00 00 02 00 00 00 00 00 F8  ok 
18:03:27.757, mode 1: F4 84 01 00 04 00 00 00 20 00 00 00 00 0A 00 00 00 40 78 02 00 00 00 00 00 00 00 00 46 1B 00 00 00 00 50 51 00 00 3C 2F 00 C0 40 02 10 01 02 60 00 BD  ok 
18:03:28.743, mode 0: F4 92 01 00 00 00 80 20 00 00 04 3C 2F 00 00 C0 40 00 40 00 FF FF 00 FF 02 50 20 50 28 02 F4 20 00 78 F5 02 02 00 00 00 80 80 80 80 00 00 00 00 00 00 00 98 2C 00 00 00 00 02 00 00 00 00 00 F6  ok 
18:03:29.507, mode 1: F4 84 01 00 04 00 00 00 20 00 00 00 00 0A 00 00 00 40 78 02 00 00 00 00 00 00 00 00 46 1B 00 00 00 00 50 51 00 00 3C 2F 00 C0 40 02 10 01 02 60 00 BD  ok 
18:03:30.601, mode 0: F4 92 01 00 00 00 80 20 00 00 04 3C 2F 00 00 C0 40 00 40 00 FF FF 00 FF 02 50 20 50 28 02 F4 20 00 78 F5 02 01 00 00 00 80 80 80 80 00 00 00 00 00 00 00 98 2C 00 00 00 00 02 00 00 00 00 00 F7  ok 
18:03:31.255, mode 1: F4 84 01 00 04 00 00 00 20 00 00 00 00 0A 00 00 00 40 78 02 00 00 00 00 00 00 00 00 46 1B 00 00 00 00 50 51 00 00 3C 2F 00 C0 40 02 10 01 02 60 00 BD  ok 
18:03:32.348, mode 0: F4 92 01 00 00 00 80 20 00 00 04 3C 2F 00 00 C0 40 00 40 00 FF FF 00 FF 02 50 20 50 28 02 F4 20 00 78 F5 02 02 00 00 00 80 80 80 80 00 00 00 00 00 00 00 98 2C 00 00 00 00 02 00 00 00 00 00 F6  ok 
18:03:33.113, mode 1: F4 84 01 00 04 00 00 00 20 00 00 00 00 0A 00 00 00 40 78 02 00 00 00 00 00 00 00 00 46 1B 00 00 00 00 50 51 00 00 3C 2F 00 C0 40 02 10 01 02 60 00 BD  ok 
18:03:34.095, mode 0: F4 92 01 00 00 00 80 20 00 00 04 3C 2F 00 00 C0 40 00 40 00 FF FF 00 FF 02 50 20 50 28 02 F4 20 00 78 F5 01 01 00 00 00 80 80 80 80 00 00 00 00 00 00 00 98 2C 00 00 00 00 02 00 00 00 00 00 F8  ok 
18:03:34.856, mode 1: F4 84 01 00 04 00 00 00 20 00 00 00 00 0A 00 00 00 40 76 02 00 00 00 00 00 00 00 00 46 1B 00 00 00 00 50 51 00 00 3C 2F 00 C0 40 02 10 01 02 60 00 BF  ok 
18:03:35.950, mode 0: F4 92 01 00 00 00 80 20 00 00 04 7C 2F 00 00 C0 40 00 40 00 FF FF 00 FF 02 50 20 50 28 02 F4 20 00 75 F5 02 01 00 00 00 80 80 80 80 00 00 00 00 00 00 00 98 2C 00 00 00 00 02 00 00 00 00 00 BA  ok 
18:03:36.607, mode 1: F4 84 01 00 04 00 00 00 20 00 00 00 00 0A 00 00 00 40 75 02 00 00 00 00 00 00 00 00 46 1B 00 00 00 00 50 51 00 00 7C 2F 00 C0 40 02 10 01 02 60 00 80  ok 
18:03:37.700, mode 0: F4 92 01 00 00 00 80 20 00 00 04 7C 2F 00 00 C0 40 00 40 00 FF FF 00 FF 02 50 20 50 28 02 F4 20 00 75 F5 02 01 00 00 00 80 80 80 80 00 00 00 00 00 00 00 98 2C 00 00 00 00 02 00 00 00 00 00 BA  ok 
18:03:38.461, mode 1: F4 84 01 00 04 00 00 00 20 00 00 00 00 0A 00 00 00 40 77 02 00 00 00 00 00 00 00 00 46 1B 00 00 00 00 50 51 00 00 3C 2F 00 C0 40 02 10 01 02 60 00 BE  ok 
18:03:39.444, mode 0: F4 92 01 00 00 00 80 20 00 00 04 3C 2F 00 00 C0 40 00 40 00 FF FF 00 FF 02 50 20 50 28 02 F4 20 00 77 F5 02 01 00 00 00 80 80 80 80 00 00 00 00 00 00 00 98 2C 00 00 00 00 02 00 00 00 00 00 F8  ok 
18:03:40.210, mode 1: F4 84 01 00 04 00 00 00 20 00 00 00 00 0A 00 00 00 40 77 02 00 00 00 00 00 00 00 00 46 1B 00 00 00 00 50 51 00 00 7C 2F 00 C0 40 02 10 01 02 60 00 7E  ok 
18:03:41.301, mode 0: F4 92 01 00 00 00 80 20 00 00 04 7C 2F 00 00 C0 40 00 40 00 FF FF 00 FF 02 50 20 50 28 02 F4 20 00 77 F5 02 01 00 00 00 80 80 80 80 00 00 00 00 00 00 00 98 2C 00 00 00 00 02 00 00 00 00 00 B8  ok 
18:03:42.064, mode 1: F4 84 01 00 04 00 00 00 20 00 00 00 00 0A 00 00 00 40 77 02 00 00 00 00 00 00 00 00 46 1B 00 00 00 00 50 51 00 00 7C 2F 00 C0 40 02 10 01 02 60 00 7E  ok 
18:03:43.045, mode 0: F4 92 01 00 00 00 80 20 00 00 04 7C 2F 00 00 C0 40 00 40 00 FF FF 00 FF 02 50 20 50 28 02 F4 20 00 77 F5 02 01 00 00 00 80 80 80 80 00 00 00 00 00 00 00 98 2C 00 00 00 00 02 00 00 00 00 00 B8  ok 
18:03:43.812, mode 1: F4 84 01 00 04 00 00 00 20 00 00 00 00 0A 00 00 00 40 77 02 00 00 00 00 00 00 00 00 46 1B 00 00 00 00 50 51 00 00 7C 2F 00 C0 40 02 10 01 02 60 00 7E  ok 
18:03:44.793, mode 0: F4 92 01 00 00 00 80 20 00 00 04 7C 2F 00 00 C0 40 00 40 00 FF FF 00 FF 02 50 20 50 28 02 F4 20 00 77 F5 02 01 00 00 00 80 80 80 80 00 00 00 00 00 00 00 98 2C 00 00 00 00 02 00 00 00 00 00 B8  ok 
18:03:45.560, mode 1: F4 84 01 00 04 00 00 00 20 00 00 00 00 0A 00 00 00 40 77 02 00 00 00 00 00 00 00 00 46 1B 00 00 00 00 50 51 00 00 7C 2F 00 C0 40 02 10 01 02 60 00 7E  ok 
18:03:46.649, mode 0: F4 92 01 00 00 00 80 20 00 00 04 7C 2F 00 00 C0 40 00 40 00 FF FF 00 FF 02 50 20 50 28 02 F4 20 00 77 F5 02 01 00 00 00 80 80 80 80 00 00 00 00 00 00 00 98 2C 00 00 00 00 02 00 00 00 00 00 B8  ok 
18:03:47.414, mode 1: F4 84 01 00 04 00 00 00 20 00 00 00 00 0A 00 00 00 40 77 02 00 00 00 00 00 00 00 00 46 1B 00 00 00 00 50 51 00 00 7C 2F 00 C0 40 02 10 01 02 60 00 7E  ok 
18:03:48.401, mode 0: F4 92 01 00 00 00 80 20 00 00 04 7C 2F 00 00 C0 40 00 40 00 FF FF 00 FF 02 50 20 50 28 02 F4 20 00 77 F5 02 01 00 00 00 80 80 80 80 00 00 00 00 00 00 00 98 2C 00 00 00 00 02 00 00 00 00 00 B8  ok 
18:03:49.163, mode 1: F4 84 01 00 04 00 00 00 20 00 00 00 00 0A 00 00 00 40 77 02 00 00 00 00 00 00 00 00 46 1B 00 00 00 00 50 51 00 00 7C 2F 00 C0 40 02 10 01 02 60 00 7E  ok 
18:03:50.147, mode 0: F4 92 01 00 00 00 80 20 00 00 04 7C 2F 00 00 C0 40 00 40 00 FF FF 00 FF 02 50 20 50 28 02 F4 20 00 77 F5 02 01 00 00 00 80 80 80 80 00 00 00 00 00 00 00 98 2C 00 00 00 00 02 00 00 00 00 00 B8  ok 
18:03:50.913, mode 1: F4 84 01 00 04 00 00 00 20 00 00 00 00 0A 00 00 00 40 77 02 00 00 00 00 00 00 00 00 46 1B 00 00 00 00 50 51 00 00 7C 2F 00 C0 40 02 10 01 02 60 00 7E  ok 
18:03:51.999, mode 0: F4 92 01 00 00 00 80 20 00 00 04 7C 2F 00 00 C0 40 00 40 00 FF FF 00 FF 02 50 20 50 28 02 F4 20 00 75 F5 02 01 00 00 00 80 80 80 80 00 00 00 00 00 00 00 98 2C 00 00 00 00 02 00 00 00 00 00 BA  ok 
18:03:52.766, mode 1: F4 84 01 00 04 00 00 00 20 00 00 00 00 0A 00 00 00 40 77 02 00 00 00 00 00 00 00 00 46 1B 00 00 00 00 50 51 00 00 3C 2F 00 C0 40 02 10 01 02 60 00 BE  ok 
18:03:53.750, mode 0: F4 92 01 00 00 00 80 20 00 00 04 3C 2F 00 00 C0 40 00 40 00 FF FF 00 FF 02 50 20 50 28 02 F4 20 00 77 F5 02 01 00 00 00 80 80 80 80 00 00 00 00 00 00 00 98 2C 00 00 00 00 02 00 00 00 00 00 F8  ok 
18:03:54.517, mode 1: F4 84 01 00 04 00 00 00 20 00 00 00 00 0A 00 00 00 40 77 02 00 00 00 00 00 00 00 00 46 1B 00 00 00 00 50 51 00 00 3C 2F 00 C0 40 02 10 01 02 60 00 BE  ok 
18:03:55.605, mode 0: F4 92 01 00 00 00 80 20 00 00 04 3C 2F 00 00 C0 40 00 40 00 FF FF 00 FF 02 50 20 50 28 02 F4 20 00 77 F5 02 01 00 00 00 80 80 80 80 00 00 00 00 00 00 00 98 2C 00 00 00 00 02 00 00 00 00 00 F8  ok 
18:03:56.260, mode 1: F4 84 01 00 04 00 00 00 20 00 00 00 00 0A 00 00 00 40 75 02 00 00 00 00 00 00 00 00 46 1B 00 00 00 00 50 51 00 00 7C 2F 00 C0 40 02 10 01 02 60 00 80  ok 
18:03:57.352, mode 0: F4 92 01 00 00 00 80 20 00 00 04 7C 2F 00 00 C0 40 00 40 00 FF FF 00 FF 02 50 20 50 28 02 F4 20 00 75 F5 02 01 00 00 00 80 80 80 80 00 00 00 00 00 00 00 98 2C 00 00 00 00 02 00 00 00 00 00 BA  ok 
18:03:58.116, mode 1: F4 84 01 00 04 00 00 00 20 00 00 00 00 0A 00 00 00 40 75 02 00 00 00 00 00 00 00 00 46 1B 00 00 00 00 50 51 00 00 7C 2F 00 C0 40 02 10 01 02 60 00 80  ok 
18:03:59.101, mode 0: F4 92 01 00 00 00 80 20 00 00 04 7C 2F 00 00 C0 40 00 40 00 FF FF 00 FF 02 50 20 50 28 02 F4 20 00 75 F5 02 01 00 00 00 80 80 80 80 00 00 00 00 00 00 00 98 2C 00 00 00 00 02 00 00 00 00 00 BA  ok 
18:03:59.862, mode 1: F4 84 01 00 04 00 00 00 20 00 00 00 00 0A 00 00 00 40 77 02 00 00 00 00 00 00 00 00 46 1B 00 00 00 00 50 51 00 00 3C 2F 00 C0 40 02 10 01 02 60 00 BE  ok 
18:04:00.957, mode 0: F4 92 01 00 00 00 80 20 00 00 04 7C 2F 00 00 C0 40 00 40 00 FF FF 00 FF 02 50 20 50 28 02 F4 20 00 77 F5 02 01 00 00 00 80 80 80 80 00 00 00 00 00 00 00 98 2C 00 00 00 00 02 00 00 00 00 00 B8  ok 
18:04:01.615, mode 1: F4 84 01 00 04 00 00 00 20 00 00 00 00 0A 00 00 00 40 77 02 00 00 00 00 00 00 00 00 46 1B 00 00 00 00 50 51 00 00 7C 2F 00 C0 40 02 10 01 02 60 00 7E  ok 
18:04:02.705, mode 0: F4 92 01 00 00 00 80 20 00 00 04 7C 2F 00 00 C0 40 00 40 00 FF FF 00 FF 02 50 20 50 28 02 F4 20 00 77 F5 02 01 00 00 00 80 80 80 80 00 00 00 00 00 00 00 98 2C 00 00 00 00 02 00 00 00 00 00 B8  ok 
18:04:03.466, mode 1: F4 84 01 00 04 00 00 00 20 00 00 00 00 0A 00 00 00 40 77 02 00 00 00 00 00 00 00 00 46 1B 00 00 00 00 50 51 00 00 7C 2F 00 C0 40 02 10 01 02 60 00 7E  ok 
18:04:04.453, mode 0: F4 92 01 00 00 00 80 20 00 00 04 7C 2F 00 00 C0 40 00 40 00 FF FF 00 FF 02 50 20 50 28 02 F4 20 00 77 F5 02 01 00 00 00 80 80 80 80 00 00 00 00 00 00 00 98 2C 00 00 00 00 02 00 00 00 00 00 B8  ok 
18:04:05.214, mode 1: F4 84 01 00 04 00 00 00 20 00 00 00 00 0A 00 00 00 40 77 02 00 00 00 00 00 00 00 00 46 1B 00 00 00 00 50 51 00 00 7C 2F 00 C0 40 02 10 01 02 60 00 7E  ok 
18:04:06.305, mode 0: F4 92 01 00 00 00 80 20 00 00 04 7C 2F 00 00 C0 40 00 40 00 FF FF 00 FF 02 50 20 50 28 02 F4 20 00 77 F5 02 01 00 00 00 80 80 80 80 00 00 00 00 00 00 00 98 2C 00 00 00 00 02 00 00 00 00 00 B8  ok 
18:04:06.962, mode 1: F4 84 01 00 04 00 00 00 20 00 00 00 00 0A 00 00 00 40 77 02 00 00 00 00 00 00 00 00 46 1B 00 00 00 00 50 51 00 00 7C 2F 00 C0 40 02 10 01 02 60 00 7E  ok 
18:04:08.053, mode 0: F4 92 01 00 00 00 80 20 00 00 04 7C 2F 00 00 C0 40 00 40 00 FF FF 00 FF 02 50 20 50 28 02 F4 20 00 77 F5 01 01 00 00 00 80 80 80 80 00 00 00 00 00 00 00 98 2C 00 00 00 00 02 00 00 00 00 00 B9  ok 
18:04:08.820, mode 1: F4 84 01 00 04 00 00 00 20 00 00 00 00 0A 00 00 00 40 77 02 00 00 00 00 00 00 00 00 46 1B 00 00 00 00 50 51 00 00 7C 2F 00 C0 40 02 10 01 02 60 00 7E  ok 
18:04:09.802, mode 0: F4 92 01 00 00 00 80 20 00 00 04 3C 2F 00 00 C0 40 00 40 00 FF FF 00 FF 02 50 20 50 28 02 F4 20 00 77 F5 02 01 00 00 00 80 80 80 80 00 00 00 00 00 00 00 98 2C 00 00 00 00 02 00 00 00 00 00 F8  ok 
18:04:10.564, mode 1: F4 84 01 00 04 00 00 00 20 00 00 00 00 0A 00 00 00 40 74 02 00 00 00 00 00 00 00 00 46 1B 00 00 00 00 50 51 00 00 7C 2F 00 C0 40 02 10 01 02 60 00 81  ok 
18:04:11.656, mode 0: F4 92 01 00 00 00 80 20 00 00 04 3C 2F 00 00 C0 40 00 40 00 FF FF 00 FF 02 50 20 50 28 02 F4 20 00 77 F5 02 01 00 00 00 80 80 80 80 00 00 00 00 00 00 00 98 2C 00 00 00 00 02 00 00 00 00 00 F8  ok 
18:04:12.316, mode 1: F4 84 01 00 04 00 00 00 20 00 00 00 00 0A 00 00 00 40 77 02 00 00 00 00 00 00 00 00 46 1B 00 00 00 00 50 51 00 00 3C 2F 00 C0 40 02 10 01 02 60 00 BE  ok 

-----------------------------------------------
Date: 2018-11-07 - 18:04:12
End log file
