Terminal log file
Date: 2018-11-06 - 21:31:09
-----------------------------------------------

				 1  2  3  4  5  6  7  8  9 10 11 12 13 14 15 16 17 18 19 20 21 22 23 24 25 26 27 28 29 30 31 32 33 34 35 36 37 38 39 40 41 42 43 44 45 46 47 48 49 50 51 52 53 54 55 56 57 58 59 60 

21:31:11.602, F4 92 01 		00 00 00 80 20 00 00 04 7C 2F 0C 00 C6 C0 00 40 56 0E 70 36 40 20 8F 93 6B 28 02 67 20 00 8B F4 4B 93 00 00 04 80 80 80 80 00 E9 00 EA 00 00 00 26 2A 21 02 64 8F 02 00 00 00 00 24   	F0  ok 


21:31:12.692, F4 92 01 		00 00 00 80 20 00 00 04 7C 2F 0C 00 C6 C0 00 40 4D 0D BF 36 40 22 8F 93 6B 28 02 63 20 00 8C F4 40 AC 00 00 04 80 80 80 80 00 E4 00 E2 00 00 00 27 2A 21 02 64 8F 03 00 00 00 00 25 	A8  ok 



21:31:13.672, F4 92 01 		00 00 00 80 20 00 00 04 7C 2F 0C 00 C6 C0 00˜ 40 4D 0E 5B 23 40 20 8F 93 6B 28 02 65 20 00 8B F4 42 14 00 00 04 80 80 80 80 00 EC 00 EE 00 00 00 27 2A 21 02 64 8F 02 00 00 00 00 27 	A0  ok 



21:31:14.764, F4 92 01 		00 00 00 80 20 00 00 04 7C 2F 0C 00 C6 C0 00 40 42 0C 57 23 40 25 8F 93 6B 28 02 78 2B 10 8B F4 75 11 00 00 04 80 80 80 80 01 4E 01 56 00 00 00 2D 2A 22 06 64 8F 02 00 00 00 00 28 	76  ok 



21:31:15.748, F4 92 01 		00 00 00 80 20 00 00 04 7C 2F 0C 00 C6 C0 00 40 56 09 47 23 40 32 8F 95 6B 28 02 4C 28 0B 8C F4 1E 15 00 00 02 80 81 80 80 00 CF 00 C2 00 00 00 2B 2A 29 00 64 8F 02 00 00 00 00 29 	02  ok 



21:31:16.843, F4 92 01 		00 00 00 80 20 00 00 04 7C 2F 0C 00 C6 C0 00 40 56 07 39 23 40 40 8F 95 6B 28 02 44 25 06 8C F4 10 A8 00 00 02 83 81 80 80 01 00 00 E0 00 00 00 2E 2A 2B 00 64 8F 02 00 00 00 00 2A 	36  ok 



21:31:17.827, F4 92 01 		00 00 00 80 20 00 00 04 7C 2F 0C 00 C6 C0 00 40 38 0C F0 23 40 24 8F 93 6B 28 02 58 21 00 8C F4 0D 03 00 00 01 82 88 80 80 00 CB 00 D7 00 00 00 27 2A 21 00 64 8F 02 00 00 00 00 2B 	9E  ok 



21:31:18.920, F4 92 01 		00 00 00 80 20 00 00 04 7C 2F 0C 00 C6 C0 00 40 56 0D C6 23 40 21 8F 93 6B 28 02 65 21 00 8B F4 91 04 00 00 04 80 80 80 80 00 F2 00 F2 00 00 00 27 2A 21 02 64 8F 02 00 00 00 00 2C 	DD  ok 


21:31:19.899, F4 92 01 		00 00 00 80 20 00 00 04 7C 2F 0C 00 C6 C0 00 40 4D 0B 47 33 40 29 8F 93 6B 28 02 7F 30 18 8C F4 5F AA 00 00 05 85 85 80 80 01 8C 01 96 00 00 00 2E 2A 22 07 64 8F 02 00 00 00 00 2D 	40  ok 


21:31:20.992, F4 92 01 00 00 00 80 20 00 00 04 7C 2F 0C 00 C6 C0 00 40 38 09 D5 33 40 2E 8F 96 6B 28 02 3C 21 00 8C F4 17 12 00 00 01 82 88 80 80 00 99 00 96 00 00 00 29 2A 20 00 64 8F 02 00 00 00 00 2E 11  ok 
21:31:21.972, F4 92 01 00 00 00 80 20 00 00 04 7C 2F 0C 00 C6 C0 00 40 43 0E 26 33 40 21 90 93 6B 28 03 63 21 00 8C F4 1E 09 00 00 04 80 80 80 80 00 E3 00 E8 00 00 00 25 2A 21 02 64 8F 02 00 00 00 00 2F 04  ok 
21:31:23.068, F4 92 01 00 00 00 80 20 00 00 04 7C 2F 0C 00 C6 C0 00 40 56 0D 4B 33 40 23 90 93 6B 28 02 60 21 00 8B F4 24 7D 00 00 04 80 80 80 80 00 E3 00 E1 00 00 00 25 2A 21 02 64 8F 02 00 00 00 00 30 5C  ok 
21:31:24.053, F4 92 01 00 00 00 80 20 00 00 04 7C 2F 0C 00 C6 C0 00 40 56 0D 57 37 40 23 90 93 6B 28 02 61 21 00 8B F4 1E 28 00 00 04 80 80 80 80 00 E7 00 EA 00 00 00 24 2A 21 02 64 8F 02 00 00 00 00 31 99  ok 
21:31:25.143, F4 92 01 00 00 00 80 20 00 00 04 7C 2F 0C 00 C6 C0 00 40 38 0E 63 37 40 20 90 93 6B 28 02 64 21 00 8C F4 27 18 00 00 04 80 80 80 80 00 E6 00 E5 00 00 00 23 2A 21 02 64 8F 02 00 00 00 00 32 B6  ok 
21:31:26.125, F4 92 01 00 00 00 80 20 00 00 04 7C 2F 0C 00 C6 C0 00 40 39 0E 2C 17 40 20 91 93 6B 28 02 64 21 00 8B F4 2C 1D 00 00 04 80 80 80 80 00 E3 00 DE 00 00 00 22 2A 21 02 64 8F 02 00 00 00 00 33 0C  ok 
21:31:27.109, F4 92 01 00 00 00 80 20 00 00 04 7C 2F 0C 00 C6 C0 00 40 56 0D 87 17 40 22 91 93 6B 28 02 5F 21 00 8C F4 24 B6 00 00 04 80 80 80 80 00 DF 00 E2 00 00 00 23 2A 21 02 64 8F 02 00 00 00 00 34 04  ok 

-----------------------------------------------
Date: 2018-11-06 - 21:31:27
End log file


8 04 - BRAKE SWITCH STUCK OFF
9 
