Terminal log file
Date: 2018-11-06 - 21:06:09
-----------------------------------------------
21:06:09.736, F4 92 01 00 00 00 80 20 00 00 04 7C 2F 0C 00 C6 40 00 40 2F 0B 53 00 3F 29 94 8A 6F 28 02 54 20 00 8B F5 B4 BA 00 00 01 82 88 80 80 00 DE 00 E6 00 00 00 3A 2A 21 02 5F 29 02 00 00 00 00 08 C4 slij
21:06:10.172, F4 92 01 00 00 00 80 20 00 00 04 7C 2F 0C 00 C6 40 00 40 42 0B 69 00 3F 28 94 8A 6F 28 03 57 20 00 8B F5 5C A6 00 00 01 82 88 80 80 00 E7 00 F2 00 00 00 38 2A 21 02 5F 29 03 00 00 00 00 08 1C slij
21:06:10.605, slij
21:06:11.044, F4 92 01 00 00 00 80 20 00 00 04 7C 2F 0C 00 C6 40 00 40 4D 0B 87 00 3F 28 94 8B 6E 28 02 52 20 00 8A F5 BC C0 00 00 05 85 85 80 80 00 DE 00 DC 00 00 00 36 2A 21 00 5F 29 02 00 00 00 00 09 22 slij
21:06:11.477, F4 92 01 00 00 00 80 20 00 00 04 7C 2F 0C 00 C6 40 00 40 56 0C 26 00 3F 26 94 8B 6F 28 03 5A 20 00 8A F5 4C AC 00 00 05 85 85 80 80 00 F0 00 F2 00 00 00 34 2A 21 01 5F 29 02 00 00 00 00 0A 78 slij
21:06:12.025, slij
21:06:12.458, F4 92 01 00 00 00 80 20 00 00 04 7C 2F 0C 00 C6 40 00 40 2F 0C 53 1B 3F 25 94 8C 6F 28 02 59 20 00 8A F5 B9 9A 00 00 0B B0 slij
21:06:12.900, F4 92 01 00 00 00 80 20 00 00 04 7C 2F 0C 00 C6 40 00 40 2F 0C 53 1B 3F 25 94 8C 6F 28 02 59 20 00 8A F5 B9 9A 00 00 05 85 85 80 80 00 E9 00 E7 00 00 00 32 2A 1E 01 5F 29 02 00 00 00 F4 92 01 00 00 00 80 20 00 00 04 7C 2F 0C 00 C6 40 00 40 4D 0C 74 1B 3F 25 94 8C 6F 28 02 5E 20 00 8A F5 B3 87 00 00 05 85 85 80 80 00 EF 00 F3 00 00 00 30 2A 1F 01 5F 29 02 00 00 00 00 0B 38 slij
21:06:13.224, F4 92 01 00 00 00 80 20 00 00 04 7C 2F 0C 00 C6 40 00 40 56 0C 7E 1B 3F 25 94 8D 6E 28 02 5A 20 00 8A F5 AF C2 00 00 05 85 85 80 80 00 EA 00 E5 00 00 00 2F 2A 1F 01 5F 29 02 00 00 00 00 0C D2 slij
21:06:13.662, F4 92 01 00 00 00 80 20 00 00 04 7C 2F 0C 00 C6 40 00 40 38 0C CE 1B 3F F0 00 8D EE 00 00 00 2E 2A 20 02 5F 29 02 00 00 00 00 0C C2 slij
21:06:14.208, slij
21:06:14.642, F4 92 01 00 00 00 80 20 00 00 04 7C 2F 0C 00 C6 40 00 40 38 0C 9C 20 3F 25 94 8D 6F 28 02 5D 20 00 8B F5 A0 C3 00 00 05 85 85 80 80 00 F3 00 F5 00 00 00 2B 2A 1F 01 5F 29 02 00 00 00 00 0D AE slij
21:06:15.080, F4 92 01 00 00 00 80 20 00 00 04 7C 2F 0C 00 C6 40 00 40 56 0D 08 20 3F 23 94 8E 6E 28 02 5E 20 00 8B F5 B2 C7 00 00 05 85 85 80 80 00 EB 00 E9 00 00 00 2B 2A 1F 01 5F 29 02 00 00 00 00 0D 96 slij
21:06:15.517, slij
21:06:15.957, F4 92 01 00 00 00 80 20 00 00 04 7C 2F 0C 00 C6 40 00 40 56 0D 33 20 3F 23 94 8E 6F 28 02 5D 20 00 8A F5 B8 C3 00 00 05 85 85 80 80 00 EF 00 F3 00 00 00 28 2A 21 02 5F 29 02 00 00 00 00 0E 20 slij
21:06:16.395, F4 92 01 00 00 00 80 20 00 00 04 7C 2F 0C 00 C6 40 00 40 39 0D 66 17 3F 22 94 8E 6E 28 02 5F 20 00 8B F5 BD C5 00 00 05 85 85 80 80 00 E6 00 E7 00 00 00 27 2A 21 01 5F 29 02 00 00 00 00 0F 22 slij
21:06:16.936, slij
21:06:17.376, F4 92 01 00 00 00 80 20 00 00 04 7C 2F 0C 00 C6 40 00 40 4D 0D 97 17 3F 22 94 8F 6E 28 02 60 20 00 8B F5 AF BF 00 00 05 85 85 80 80 00 EB 00 E7 00 00 00 24 2A 21 02 5F 29 02 00 00 00 00 10 B4 slij
21:06:17.706, 00 00 00 80 20 00 00 04 7C 2F 0C 00 C6 40 00 40 4D 0E 2A 17 3F 21 94 8F 6E 28 02 62 20 00 8B F5 B1 98 00 00 05 85 85 80 80 00 F3 00 F1 00 00 00 23 2A 21 02 5F 29 02 00 00 00 00 10 B2 slij
21:06:18.143, F4 92 01 00 00 00 80 20 00 00 04 7C 2F 0C 00 C6 40 00 40 56 0D 90 17 3F 22 94 8F 6E 28 02 5C 20 00 8B F5 B9 AA 00 00 05 85 85 80 80 00 EB 00 ED 00 00 00 22 2A 21 02 5F 29 02 00 00 00 00 10 C6 slij
21:06:18.578, F4 92 01 00 00 00 80 20 00 00 04 7C 2F 0C 00 C6 40 00 40 2F 0D F4 1E 3F 21 94 8F 6E 28 02 60 20 00 8B F5 C3 B8 00 00 05 85 85 80 80 00 EC 00 E6 00 00 00 20 2A 21 02 5F 29 02 00 00 00 00 11 16 slij
21:06:19.124, slij
21:06:19.557, F4 92 01 00 00 00 80 20 00 00 04 7C 2F 0C 00 C6 40 00 40 4D 0F 3C 1E 3F 1E 94 90 6E 28 02 67 20 00 8B F5 9D C4 00 00 04 80 80 80 80 00 EC 00 E8 00 00 00 20 2A 21 02 5F 29 02 00 00 00 00 12 80 slij
21:06:19.999, F4 92 01 00 00 00 80 20 00 00 04 7C 2F 0C 00 C6 40 00 40 2F 0F 75 1E 3F 1E 94 90 6E 28 02 68 20 00 8C F5 B1 C8 00 00 04 80 80 80 80 00 EB 00 E8 00 00 00 21 2A 20 02 5F 29 02 00 00 00 00 12 18 slij
21:06:20.434, slij
21:06:20.872, F4 92 01 00 00 00 80 20 00 00 04 7C 2F 0C 00 C6 40 00 40 56 0F 25 24 3F 1E 94 90 6E 28 02 66 20 00 8B F5 B5 B0 00 00 04 80 80 80 80 00 E6 00 E6 00 00 00 21 2A 21 02 5F 29 02 00 00 00 00 13 96 slij
21:06:21.307, F4 92 01 00 00 00 80 20 00 00 04 7C 2F 0C 00 C6 40 00 40 56 0F A6 24 3F 1D 94 90 6E 28 02 69 20 00 89 F5 9E A6 00 00 04 80 80 80 80 00 E9 00 E9 00 00 00 21 2A 20 02 5F 29 02 00 00 00 00 14 CA slij
21:06:21.853, slij
21:06:22.177, F4 92 01 00 00 00 80 20 00 00 04 7C 2F 0C 00 C6 40 00 40 2F 0E 62 00 D9 00 DA 00 00 00 22 2A 21 02 5F 29 02 00 00 00 00 15 82 slij
21:06:22.622, F4 92 01 00 00 00 80 20 00 00 04 7C 2F 0C 00 C6 40 00 40 56 0E 9C 24 3F 20 94 90 6E 28 02 61 20 00 8B F5 BA B0 00 00 04 80 80 80 80 00 E0 00 DB 00 00 00 21 2A 21 02 5F 29 02 00 00 00 00 15 C4 slij
21:06:23.053, F4 92 01 00 00 00 80 20 00 00 04 7C 2F 0C 00 C6 40 00 40 56 0E 50 24 3F 20 94 90 6E 28 02 66 20 00 8C F5 A2 8D 00 00 04 80 80 80 80 00 E8 00 E9 00 00 00 21 2A 21 02 5F 29 02 00 00 00 00 15 9A slij
21:06:23.492, F4 92 01 00 00 00 80 20 00 00 04 7C 2F 0C 00 C6 40 00 40 42 0D FF 23 3F 21 94 91 6E 28 02 5F 20 00 8C F5 B6 C1 00 00 04 80 80 80 80 00 DB 00 D8 00 00 00 20 2A 21 02 5F 29 02 00 00 00 00 16 1E slij
21:06:24.034, slij
21:06:24.369, F4 92 01 00 00 00 80 20 00 00 04 7C 2F 0C 00 C6 40 00 40 56 0E A5 23 3F 1F 94 91 6E 28 02 67 20 00 8A F5 50 AF 00 00 04 80 80 80 80 00 F2 00 F0 00 00 00 21 2A 21 03 5F 29 02 00 00 00 00 17 2C slij
21:06:24.804, F4 92 01 00 00 00 80 20 00 00 04 7C 2F 0C 00 C6 40 00 40 4D 0D FD 23 3F 21 94 91 6E 28 02 62 20 00 8A F5 B4 B5 00 00 04 80 80 80 80 00 E6 00 EA 00 00 00 22 2A 21 02 5F 29 02 00 00 00 00 17 E6 slij
21:06:25.350, slij
21:06:25.787, F4 92 01 00 00 00 80 20 00 00 04 7C 2F 0C 00 C6 40 00 40 56 0E D8 35 3F 1F 94 91 6E 28 02 64 20 00 8A F5 3A 8D 00 00 04 80 80 80 80 00 EB 00 ED 00 00 00 20 2A 21 02 5F 29 02 00 00 00 00 18 2E slij
21:06:26.221, F4 92 01 00 00 00 80 20 00 00 04 7C 2F 0C 00 C6 40 00 40 2F 0E C3 35 3F 1F 95 91 6E 28 03 66 20 00 8B F5 AB 77 00 00 04 80 80 80 80 00 F2 00 F1 00 00 00 20 2A 21 03 5F 29 02 00 00 00 00 19 CC slij

-----------------------------------------------
Date: 2018-11-06 - 21:06:26
End log file
